<?xml version="1.0" encoding="UTF-8"?>
<!-- Generated by org.testng.reporters.JUnitXMLReporter -->
<testsuite hostname="LAPTOP-I2DQ2R0M" ignored="15" name="Test" tests="22" failures="6" timestamp="19 Jun 2019 06:38:01 GMT" time="76.836" errors="0">
  <testcase name="@BeforeClass setUp" time="1.184" classname="MyAccount.com.Test.ProfileUpdateTest">
    <failure type="org.openqa.selenium.StaleElementReferenceException" message="The element reference of &amp;lt;input id=&amp;quot;id_login&amp;quot; class=&amp;quot;form-control&amp;quot; name=&amp;quot;login&amp;quot; type=&amp;quot;email&amp;quot;&amp;gt; is stale; either the element is no longer attached to the DOM, it is not in the current frame context, or the document has been refreshed
For documentation on this error, please visit: https://www.seleniumhq.org/exceptions/stale_element_reference.html
Build info: version: &amp;apos;3.141.59&amp;apos;, revision: &amp;apos;e82be7d358&amp;apos;, time: &amp;apos;2018-11-14T08:17:03&amp;apos;
System info: host: &amp;apos;LAPTOP-I2DQ2R0M&amp;apos;, ip: &amp;apos;10.120.10.9&amp;apos;, os.name: &amp;apos;Windows 10&amp;apos;, os.arch: &amp;apos;amd64&amp;apos;, os.version: &amp;apos;10.0&amp;apos;, java.version: &amp;apos;1.8.0_191&amp;apos;
Driver info: org.openqa.selenium.firefox.FirefoxDriver
Capabilities {acceptInsecureCerts: true, browserName: firefox, browserVersion: 67.0.3, javascriptEnabled: true, moz:accessibilityChecks: false, moz:buildID: 20190618025334, moz:geckodriverVersion: 0.23.0, moz:headless: false, moz:processID: 18800, moz:profile: C:\Users\E2E\AppData\Local\..., moz:shutdownTimeout: 60000, moz:useNonSpecCompliantPointerOrigin: false, moz:webdriverClick: true, pageLoadStrategy: normal, platform: WINDOWS, platformName: WINDOWS, platformVersion: 10.0, rotatable: false, setWindowRect: true, strictFileInteractability: false, timeouts: {implicit: 0, pageLoad: 300000, script: 30000}, unhandledPromptBehavior: dismiss and notify}
Session ID: 5b582875-df84-4f88-b2fd-ed77068a76bc">
      <![CDATA[org.openqa.selenium.StaleElementReferenceException: The element reference of <input id="id_login" class="form-control" name="login" type="email"> is stale; either the element is no longer attached to the DOM, it is not in the current frame context, or the document has been refreshed
For documentation on this error, please visit: https://www.seleniumhq.org/exceptions/stale_element_reference.html
Build info: version: '3.141.59', revision: 'e82be7d358', time: '2018-11-14T08:17:03'
System info: host: 'LAPTOP-I2DQ2R0M', ip: '10.120.10.9', os.name: 'Windows 10', os.arch: 'amd64', os.version: '10.0', java.version: '1.8.0_191'
Driver info: org.openqa.selenium.firefox.FirefoxDriver
Capabilities {acceptInsecureCerts: true, browserName: firefox, browserVersion: 67.0.3, javascriptEnabled: true, moz:accessibilityChecks: false, moz:buildID: 20190618025334, moz:geckodriverVersion: 0.23.0, moz:headless: false, moz:processID: 18800, moz:profile: C:\Users\E2E\AppData\Local\..., moz:shutdownTimeout: 60000, moz:useNonSpecCompliantPointerOrigin: false, moz:webdriverClick: true, pageLoadStrategy: normal, platform: WINDOWS, platformName: WINDOWS, platformVersion: 10.0, rotatable: false, setWindowRect: true, strictFileInteractability: false, timeouts: {implicit: 0, pageLoad: 300000, script: 30000}, unhandledPromptBehavior: dismiss and notify}
Session ID: 5b582875-df84-4f88-b2fd-ed77068a76bc
at org.openqa.selenium.remote.http.W3CHttpResponseCodec.createException(W3CHttpResponseCodec.java:187)
at org.openqa.selenium.remote.http.W3CHttpResponseCodec.decode(W3CHttpResponseCodec.java:122)
at org.openqa.selenium.remote.http.W3CHttpResponseCodec.decode(W3CHttpResponseCodec.java:49)
at org.openqa.selenium.remote.HttpCommandExecutor.execute(HttpCommandExecutor.java:158)
at org.openqa.selenium.remote.service.DriverCommandExecutor.execute(DriverCommandExecutor.java:83)
at org.openqa.selenium.remote.RemoteWebDriver.execute(RemoteWebDriver.java:552)
at org.openqa.selenium.remote.RemoteWebElement.execute(RemoteWebElement.java:285)
at org.openqa.selenium.remote.RemoteWebElement.sendKeys(RemoteWebElement.java:106)
at org.openqa.selenium.support.pagefactory.internal.LocatingElementHandler.invoke(LocatingElementHandler.java:51)
at com.sun.proxy.$Proxy10.sendKeys(Unknown Source)
at MyAccount.com.pages.LoginPage.login(LoginPage.java:47)
at MyAccount.com.Test.ProfileUpdateTest.setUp(ProfileUpdateTest.java:30)
at java.util.concurrent.ThreadPoolExecutor.runWorker(ThreadPoolExecutor.java:1149)
at java.util.concurrent.ThreadPoolExecutor$Worker.run(ThreadPoolExecutor.java:624)
at java.lang.Thread.run(Thread.java:748)
... Removed 19 stack frames]]>
    </failure>
  </testcase> <!-- @BeforeClass setUp -->
  <testcase name="@AfterMethod afterTest" time="0.0" classname="MyAccount.com.Test.ProfileUpdateTest">
    <skipped/>
  </testcase> <!-- @AfterMethod afterTest -->
  <testcase name="@BeforeClass setUp" time="2.17" classname="MyAccount.com.Test.API">
    <failure type="org.openqa.selenium.StaleElementReferenceException" message="The element reference of &amp;lt;button class=&amp;quot;btn btn-lg btn-block btn-primary&amp;quot; type=&amp;quot;submit&amp;quot;&amp;gt; is stale; either the element is no longer attached to the DOM, it is not in the current frame context, or the document has been refreshed
For documentation on this error, please visit: https://www.seleniumhq.org/exceptions/stale_element_reference.html
Build info: version: &amp;apos;3.141.59&amp;apos;, revision: &amp;apos;e82be7d358&amp;apos;, time: &amp;apos;2018-11-14T08:17:03&amp;apos;
System info: host: &amp;apos;LAPTOP-I2DQ2R0M&amp;apos;, ip: &amp;apos;10.120.10.9&amp;apos;, os.name: &amp;apos;Windows 10&amp;apos;, os.arch: &amp;apos;amd64&amp;apos;, os.version: &amp;apos;10.0&amp;apos;, java.version: &amp;apos;1.8.0_191&amp;apos;
Driver info: org.openqa.selenium.firefox.FirefoxDriver
Capabilities {acceptInsecureCerts: true, browserName: firefox, browserVersion: 67.0.3, javascriptEnabled: true, moz:accessibilityChecks: false, moz:buildID: 20190618025334, moz:geckodriverVersion: 0.23.0, moz:headless: false, moz:processID: 18800, moz:profile: C:\Users\E2E\AppData\Local\..., moz:shutdownTimeout: 60000, moz:useNonSpecCompliantPointerOrigin: false, moz:webdriverClick: true, pageLoadStrategy: normal, platform: WINDOWS, platformName: WINDOWS, platformVersion: 10.0, rotatable: false, setWindowRect: true, strictFileInteractability: false, timeouts: {implicit: 0, pageLoad: 300000, script: 30000}, unhandledPromptBehavior: dismiss and notify}
Session ID: 5b582875-df84-4f88-b2fd-ed77068a76bc">
      <![CDATA[org.openqa.selenium.StaleElementReferenceException: The element reference of <button class="btn btn-lg btn-block btn-primary" type="submit"> is stale; either the element is no longer attached to the DOM, it is not in the current frame context, or the document has been refreshed
For documentation on this error, please visit: https://www.seleniumhq.org/exceptions/stale_element_reference.html
Build info: version: '3.141.59', revision: 'e82be7d358', time: '2018-11-14T08:17:03'
System info: host: 'LAPTOP-I2DQ2R0M', ip: '10.120.10.9', os.name: 'Windows 10', os.arch: 'amd64', os.version: '10.0', java.version: '1.8.0_191'
Driver info: org.openqa.selenium.firefox.FirefoxDriver
Capabilities {acceptInsecureCerts: true, browserName: firefox, browserVersion: 67.0.3, javascriptEnabled: true, moz:accessibilityChecks: false, moz:buildID: 20190618025334, moz:geckodriverVersion: 0.23.0, moz:headless: false, moz:processID: 18800, moz:profile: C:\Users\E2E\AppData\Local\..., moz:shutdownTimeout: 60000, moz:useNonSpecCompliantPointerOrigin: false, moz:webdriverClick: true, pageLoadStrategy: normal, platform: WINDOWS, platformName: WINDOWS, platformVersion: 10.0, rotatable: false, setWindowRect: true, strictFileInteractability: false, timeouts: {implicit: 0, pageLoad: 300000, script: 30000}, unhandledPromptBehavior: dismiss and notify}
Session ID: 5b582875-df84-4f88-b2fd-ed77068a76bc
at org.openqa.selenium.remote.http.W3CHttpResponseCodec.createException(W3CHttpResponseCodec.java:187)
at org.openqa.selenium.remote.http.W3CHttpResponseCodec.decode(W3CHttpResponseCodec.java:122)
at org.openqa.selenium.remote.http.W3CHttpResponseCodec.decode(W3CHttpResponseCodec.java:49)
at org.openqa.selenium.remote.HttpCommandExecutor.execute(HttpCommandExecutor.java:158)
at org.openqa.selenium.remote.service.DriverCommandExecutor.execute(DriverCommandExecutor.java:83)
at org.openqa.selenium.remote.RemoteWebDriver.execute(RemoteWebDriver.java:552)
at org.openqa.selenium.remote.RemoteWebElement.execute(RemoteWebElement.java:285)
at org.openqa.selenium.remote.RemoteWebElement.click(RemoteWebElement.java:84)
at org.openqa.selenium.support.pagefactory.internal.LocatingElementHandler.invoke(LocatingElementHandler.java:51)
at com.sun.proxy.$Proxy10.click(Unknown Source)
at MyAccount.com.pages.LoginPage.login(LoginPage.java:49)
at MyAccount.com.Test.API.setUp(API.java:37)
at java.util.concurrent.ThreadPoolExecutor.runWorker(ThreadPoolExecutor.java:1149)
at java.util.concurrent.ThreadPoolExecutor$Worker.run(ThreadPoolExecutor.java:624)
at java.lang.Thread.run(Thread.java:748)
... Removed 19 stack frames]]>
    </failure>
  </testcase> <!-- @BeforeClass setUp -->
  <testcase name="@BeforeClass setUp" time="0.004" classname="MyAccount.com.Test.PaymentTest">
    <failure type="java.lang.NullPointerException">
      <![CDATA[java.lang.NullPointerException
at org.openqa.selenium.support.pagefactory.DefaultElementLocator.findElement(DefaultElementLocator.java:69)
at org.openqa.selenium.support.pagefactory.internal.LocatingElementHandler.invoke(LocatingElementHandler.java:38)
at com.sun.proxy.$Proxy10.sendKeys(Unknown Source)
at MyAccount.com.pages.LoginPage.login(LoginPage.java:47)
at MyAccount.com.Test.PaymentTest.setUp(PaymentTest.java:34)
at java.util.concurrent.ThreadPoolExecutor.runWorker(ThreadPoolExecutor.java:1149)
at java.util.concurrent.ThreadPoolExecutor$Worker.run(ThreadPoolExecutor.java:624)
at java.lang.Thread.run(Thread.java:748)
... Removed 11 stack frames]]>
    </failure>
  </testcase> <!-- @BeforeClass setUp -->
  <testcase name="@BeforeClass setUp" time="0.005" classname="MyAccount.com.Test.DashboardTest">
    <failure type="java.lang.NullPointerException">
      <![CDATA[java.lang.NullPointerException
at org.openqa.selenium.support.pagefactory.DefaultElementLocator.findElement(DefaultElementLocator.java:69)
at org.openqa.selenium.support.pagefactory.internal.LocatingElementHandler.invoke(LocatingElementHandler.java:38)
at com.sun.proxy.$Proxy10.sendKeys(Unknown Source)
at MyAccount.com.pages.LoginPage.login(LoginPage.java:47)
at MyAccount.com.Test.DashboardTest.setUp(DashboardTest.java:37)
at java.util.concurrent.ThreadPoolExecutor.runWorker(ThreadPoolExecutor.java:1149)
at java.util.concurrent.ThreadPoolExecutor$Worker.run(ThreadPoolExecutor.java:624)
at java.lang.Thread.run(Thread.java:748)
... Removed 11 stack frames]]>
    </failure>
  </testcase> <!-- @BeforeClass setUp -->
  <testcase name="@BeforeClass setUp" time="0.005" classname="MyAccount.com.Test.Appliances">
    <failure type="java.lang.NullPointerException">
      <![CDATA[java.lang.NullPointerException
at org.openqa.selenium.support.pagefactory.DefaultElementLocator.findElement(DefaultElementLocator.java:69)
at org.openqa.selenium.support.pagefactory.internal.LocatingElementHandler.invoke(LocatingElementHandler.java:38)
at com.sun.proxy.$Proxy10.sendKeys(Unknown Source)
at MyAccount.com.pages.LoginPage.login(LoginPage.java:47)
at MyAccount.com.Test.Appliances.setUp(Appliances.java:33)
at java.util.concurrent.ThreadPoolExecutor.runWorker(ThreadPoolExecutor.java:1149)
at java.util.concurrent.ThreadPoolExecutor$Worker.run(ThreadPoolExecutor.java:624)
at java.lang.Thread.run(Thread.java:748)
... Removed 11 stack frames]]>
    </failure>
  </testcase> <!-- @BeforeClass setUp -->
  <testcase name="updatepro" time="0.0" classname="MyAccount.com.Test.ProfileUpdateTest">
    <skipped/>
  </testcase> <!-- updatepro -->
  <testcase name="APItest" time="0.0" classname="MyAccount.com.Test.API">
    <skipped/>
  </testcase> <!-- APItest -->
  <testcase name="PowerOff" time="6.161" classname="MyAccount.com.pages.DashboardPage">
    <failure type="java.lang.NullPointerException">
      <![CDATA[java.lang.NullPointerException
at org.openqa.selenium.support.pagefactory.DefaultElementLocator.findElement(DefaultElementLocator.java:69)
at org.openqa.selenium.support.pagefactory.internal.LocatingElementHandler.invoke(LocatingElementHandler.java:38)
at com.sun.proxy.$Proxy10.click(Unknown Source)
at MyAccount.com.pages.DashboardPage.PowerOff(DashboardPage.java:67)
at java.util.concurrent.ThreadPoolExecutor.runWorker(ThreadPoolExecutor.java:1149)
at java.util.concurrent.ThreadPoolExecutor$Worker.run(ThreadPoolExecutor.java:624)
at java.lang.Thread.run(Thread.java:748)
... Removed 10 stack frames]]>
    </failure>
  </testcase> <!-- PowerOff -->
  <testcase name="PowerOn" time="5.003" classname="MyAccount.com.pages.DashboardPage">
    <failure type="java.lang.NullPointerException">
      <![CDATA[java.lang.NullPointerException
at org.openqa.selenium.support.pagefactory.DefaultElementLocator.findElement(DefaultElementLocator.java:69)
at org.openqa.selenium.support.pagefactory.internal.LocatingElementHandler.invoke(LocatingElementHandler.java:38)
at com.sun.proxy.$Proxy10.click(Unknown Source)
at MyAccount.com.pages.DashboardPage.PowerOn(DashboardPage.java:82)
at java.util.concurrent.ThreadPoolExecutor.runWorker(ThreadPoolExecutor.java:1149)
at java.util.concurrent.ThreadPoolExecutor$Worker.run(ThreadPoolExecutor.java:624)
at java.lang.Thread.run(Thread.java:748)
... Removed 10 stack frames]]>
    </failure>
  </testcase> <!-- PowerOn -->
  <testcase name="createnode" time="10.015" classname="MyAccount.com.Test.CreateNodePageTest">
    <failure type="org.openqa.selenium.NoSuchElementException" message="Unable to locate element: //span[@class=&amp;apos;title&amp;apos;][contains(text(),&amp;apos;Nodes&amp;apos;)]
For documentation on this error, please visit: https://www.seleniumhq.org/exceptions/no_such_element.html
Build info: version: &amp;apos;3.141.59&amp;apos;, revision: &amp;apos;e82be7d358&amp;apos;, time: &amp;apos;2018-11-14T08:17:03&amp;apos;
System info: host: &amp;apos;LAPTOP-I2DQ2R0M&amp;apos;, ip: &amp;apos;10.120.10.9&amp;apos;, os.name: &amp;apos;Windows 10&amp;apos;, os.arch: &amp;apos;amd64&amp;apos;, os.version: &amp;apos;10.0&amp;apos;, java.version: &amp;apos;1.8.0_191&amp;apos;
Driver info: org.openqa.selenium.firefox.FirefoxDriver
Capabilities {acceptInsecureCerts: true, browserName: firefox, browserVersion: 67.0.3, javascriptEnabled: true, moz:accessibilityChecks: false, moz:buildID: 20190618025334, moz:geckodriverVersion: 0.23.0, moz:headless: false, moz:processID: 18800, moz:profile: C:\Users\E2E\AppData\Local\..., moz:shutdownTimeout: 60000, moz:useNonSpecCompliantPointerOrigin: false, moz:webdriverClick: true, pageLoadStrategy: normal, platform: WINDOWS, platformName: WINDOWS, platformVersion: 10.0, rotatable: false, setWindowRect: true, strictFileInteractability: false, timeouts: {implicit: 0, pageLoad: 300000, script: 30000}, unhandledPromptBehavior: dismiss and notify}
Session ID: 5b582875-df84-4f88-b2fd-ed77068a76bc
*** Element info: {Using=xpath, value=//span[@class=&amp;apos;title&amp;apos;][contains(text(),&amp;apos;Nodes&amp;apos;)]}">
      <![CDATA[org.openqa.selenium.NoSuchElementException: Unable to locate element: //span[@class='title'][contains(text(),'Nodes')]
For documentation on this error, please visit: https://www.seleniumhq.org/exceptions/no_such_element.html
Build info: version: '3.141.59', revision: 'e82be7d358', time: '2018-11-14T08:17:03'
System info: host: 'LAPTOP-I2DQ2R0M', ip: '10.120.10.9', os.name: 'Windows 10', os.arch: 'amd64', os.version: '10.0', java.version: '1.8.0_191'
Driver info: org.openqa.selenium.firefox.FirefoxDriver
Capabilities {acceptInsecureCerts: true, browserName: firefox, browserVersion: 67.0.3, javascriptEnabled: true, moz:accessibilityChecks: false, moz:buildID: 20190618025334, moz:geckodriverVersion: 0.23.0, moz:headless: false, moz:processID: 18800, moz:profile: C:\Users\E2E\AppData\Local\..., moz:shutdownTimeout: 60000, moz:useNonSpecCompliantPointerOrigin: false, moz:webdriverClick: true, pageLoadStrategy: normal, platform: WINDOWS, platformName: WINDOWS, platformVersion: 10.0, rotatable: false, setWindowRect: true, strictFileInteractability: false, timeouts: {implicit: 0, pageLoad: 300000, script: 30000}, unhandledPromptBehavior: dismiss and notify}
Session ID: 5b582875-df84-4f88-b2fd-ed77068a76bc
*** Element info: {Using=xpath, value=//span[@class='title'][contains(text(),'Nodes')]}
at org.openqa.selenium.remote.http.W3CHttpResponseCodec.createException(W3CHttpResponseCodec.java:187)
at org.openqa.selenium.remote.http.W3CHttpResponseCodec.decode(W3CHttpResponseCodec.java:122)
at org.openqa.selenium.remote.http.W3CHttpResponseCodec.decode(W3CHttpResponseCodec.java:49)
at org.openqa.selenium.remote.HttpCommandExecutor.execute(HttpCommandExecutor.java:158)
at org.openqa.selenium.remote.service.DriverCommandExecutor.execute(DriverCommandExecutor.java:83)
at org.openqa.selenium.remote.RemoteWebDriver.execute(RemoteWebDriver.java:552)
at org.openqa.selenium.remote.RemoteWebDriver.findElement(RemoteWebDriver.java:323)
at org.openqa.selenium.remote.RemoteWebDriver.findElementByXPath(RemoteWebDriver.java:428)
at org.openqa.selenium.By$ByXPath.findElement(By.java:353)
at org.openqa.selenium.remote.RemoteWebDriver.findElement(RemoteWebDriver.java:315)
at org.openqa.selenium.support.pagefactory.DefaultElementLocator.findElement(DefaultElementLocator.java:69)
at org.openqa.selenium.support.pagefactory.internal.LocatingElementHandler.invoke(LocatingElementHandler.java:38)
at com.sun.proxy.$Proxy10.click(Unknown Source)
at MyAccount.com.pages.CreateNodePage.createnode(CreateNodePage.java:51)
at MyAccount.com.Test.CreateNodePageTest.createnode(CreateNodePageTest.java:36)
at java.util.concurrent.ThreadPoolExecutor.runWorker(ThreadPoolExecutor.java:1149)
at java.util.concurrent.ThreadPoolExecutor$Worker.run(ThreadPoolExecutor.java:624)
at java.lang.Thread.run(Thread.java:748)
... Removed 14 stack frames]]>
    </failure>
  </testcase> <!-- createnode -->
  <testcase name="RedirectDashboard" time="10.001" classname="MyAccount.com.pages.DashboardPage">
    <failure type="java.lang.NullPointerException">
      <![CDATA[java.lang.NullPointerException
at org.openqa.selenium.support.pagefactory.DefaultElementLocator.findElement(DefaultElementLocator.java:69)
at org.openqa.selenium.support.pagefactory.internal.LocatingElementHandler.invoke(LocatingElementHandler.java:38)
at com.sun.proxy.$Proxy10.click(Unknown Source)
at MyAccount.com.pages.DashboardPage.RedirectDashboard(DashboardPage.java:104)
at java.util.concurrent.ThreadPoolExecutor.runWorker(ThreadPoolExecutor.java:1149)
at java.util.concurrent.ThreadPoolExecutor$Worker.run(ThreadPoolExecutor.java:624)
at java.lang.Thread.run(Thread.java:748)
... Removed 10 stack frames]]>
    </failure>
  </testcase> <!-- RedirectDashboard -->
  <testcase name="RecurringPayment" time="22.212" classname="MyAccount.com.pages.PaymentPage"/>
  <testcase name="sslfillformtest" time="42.297" classname="MyAccount.com.Test.SSLTest"/>
  <testcase name="Terminate" time="50.002" classname="MyAccount.com.pages.DashboardPage">
    <failure type="java.lang.NullPointerException">
      <![CDATA[java.lang.NullPointerException
at MyAccount.com.pages.DashboardPage.Terminate(DashboardPage.java:94)
at java.util.concurrent.ThreadPoolExecutor.runWorker(ThreadPoolExecutor.java:1149)
at java.util.concurrent.ThreadPoolExecutor$Worker.run(ThreadPoolExecutor.java:624)
at java.lang.Thread.run(Thread.java:748)
... Removed 10 stack frames]]>
    </failure>
  </testcase> <!-- Terminate -->
  <testcase name="login" time="0.002" classname="MyAccount.com.Test.LoginPageTest">
    <failure type="java.lang.NullPointerException">
      <![CDATA[java.lang.NullPointerException
at org.openqa.selenium.support.pagefactory.DefaultElementLocator.findElement(DefaultElementLocator.java:69)
at org.openqa.selenium.support.pagefactory.internal.LocatingElementHandler.invoke(LocatingElementHandler.java:38)
at com.sun.proxy.$Proxy10.sendKeys(Unknown Source)
at MyAccount.com.pages.LoginPage.login(LoginPage.java:47)
at MyAccount.com.Test.LoginPageTest.login(LoginPageTest.java:56)
at java.util.concurrent.ThreadPoolExecutor.runWorker(ThreadPoolExecutor.java:1149)
at java.util.concurrent.ThreadPoolExecutor$Worker.run(ThreadPoolExecutor.java:624)
at java.lang.Thread.run(Thread.java:748)
... Removed 10 stack frames]]>
    </failure>
  </testcase> <!-- login -->
  <testcase name="CreateNode" time="0.0" classname="MyAccount.com.Test.DashboardTest">
    <skipped/>
  </testcase> <!-- CreateNode -->
  <testcase name="Appliance" time="0.0" classname="MyAccount.com.Test.Appliances">
    <skipped/>
  </testcase> <!-- Appliance -->
  <testcase name="AccountStatement" time="0.0" classname="MyAccount.com.Test.PaymentTest">
    <skipped/>
  </testcase> <!-- AccountStatement -->
  <testcase name="TerminateAppliance" time="0.0" classname="MyAccount.com.Test.Appliances">
    <skipped/>
  </testcase> <!-- TerminateAppliance -->
  <testcase name="SignedInvoices" time="0.0" classname="MyAccount.com.Test.PaymentTest">
    <skipped/>
  </testcase> <!-- SignedInvoices -->
  <testcase name="PowerOff" time="0.0" classname="MyAccount.com.Test.DashboardTest">
    <skipped/>
  </testcase> <!-- PowerOff -->
  <testcase name="BankAccountDetails" time="0.0" classname="MyAccount.com.Test.PaymentTest">
    <skipped/>
  </testcase> <!-- BankAccountDetails -->
  <testcase name="PowerOn" time="0.0" classname="MyAccount.com.Test.DashboardTest">
    <skipped/>
  </testcase> <!-- PowerOn -->
  <testcase name="PayNow" time="0.0" classname="MyAccount.com.Test.PaymentTest">
    <skipped/>
  </testcase> <!-- PayNow -->
  <testcase name="Terminate" time="0.0" classname="MyAccount.com.Test.DashboardTest">
    <skipped/>
  </testcase> <!-- Terminate -->
  <testcase name="RecurringPayment" time="0.0" classname="MyAccount.com.Test.PaymentTest">
    <skipped/>
  </testcase> <!-- RecurringPayment -->
  <testcase name="RedirectDashboard" time="0.0" classname="MyAccount.com.Test.DashboardTest">
    <skipped/>
  </testcase> <!-- RedirectDashboard -->
  <testcase name="@BeforeTest inititalization" time="0.0" classname="MyAcount.com.Base.TestBaseNew">
    <ignored/>
  </testcase> <!-- @BeforeTest inititalization -->
  <testcase name="@BeforeTest inititalization" time="0.0" classname="MyAcount.com.Base.TestBaseNew">
    <ignored/>
  </testcase> <!-- @BeforeTest inititalization -->
  <testcase name="@BeforeTest inititalization" time="0.0" classname="MyAcount.com.Base.TestBaseNew">
    <ignored/>
  </testcase> <!-- @BeforeTest inititalization -->
  <testcase name="@BeforeTest inititalization" time="0.0" classname="MyAcount.com.Base.TestBaseNew">
    <ignored/>
  </testcase> <!-- @BeforeTest inititalization -->
  <testcase name="@BeforeTest inititalization" time="0.0" classname="MyAcount.com.Base.TestBaseNew">
    <ignored/>
  </testcase> <!-- @BeforeTest inititalization -->
  <testcase name="@BeforeTest inititalization" time="0.0" classname="MyAcount.com.Base.TestBaseNew">
    <ignored/>
  </testcase> <!-- @BeforeTest inititalization -->
  <testcase name="@BeforeTest inititalization" time="0.0" classname="MyAcount.com.Base.TestBaseNew">
    <ignored/>
  </testcase> <!-- @BeforeTest inititalization -->
  <testcase name="@BeforeTest inititalization" time="0.0" classname="MyAcount.com.Base.TestBaseNew">
    <ignored/>
  </testcase> <!-- @BeforeTest inititalization -->
  <testcase name="@BeforeTest inititalization" time="0.0" classname="MyAcount.com.Base.TestBaseNew">
    <ignored/>
  </testcase> <!-- @BeforeTest inititalization -->
  <testcase name="@BeforeTest inititalization" time="0.0" classname="MyAcount.com.Base.TestBaseNew">
    <ignored/>
  </testcase> <!-- @BeforeTest inititalization -->
  <testcase name="@BeforeTest inititalization" time="0.0" classname="MyAcount.com.Base.TestBaseNew">
    <ignored/>
  </testcase> <!-- @BeforeTest inititalization -->
  <testcase name="@BeforeTest inititalization" time="0.0" classname="MyAcount.com.Base.TestBaseNew">
    <ignored/>
  </testcase> <!-- @BeforeTest inititalization -->
  <testcase name="@BeforeTest inititalization" time="0.0" classname="MyAcount.com.Base.TestBaseNew">
    <ignored/>
  </testcase> <!-- @BeforeTest inititalization -->
  <testcase name="@BeforeTest inititalization" time="0.0" classname="MyAcount.com.Base.TestBaseNew">
    <ignored/>
  </testcase> <!-- @BeforeTest inititalization -->
  <testcase name="@BeforeTest inititalization" time="0.0" classname="MyAcount.com.Base.TestBaseNew">
    <ignored/>
  </testcase> <!-- @BeforeTest inititalization -->
</testsuite> <!-- Test -->
