<?xml version="1.0" encoding="UTF-8"?>
<!-- Generated by org.testng.reporters.JUnitXMLReporter -->
<testsuite hostname="LAPTOP-I2DQ2R0M" ignored="0" name="Test2" tests="5" failures="1" timestamp="14 Jun 2019 04:26:09 GMT" time="195.164" errors="0">
  <testcase name="AccountStatement" time="17.269" classname="MyAccount.com.Test.PaymentTest"/>
  <testcase name="SignedInvoices" time="11.604" classname="MyAccount.com.Test.PaymentTest"/>
  <testcase name="BankAccountDetails" time="12.424" classname="MyAccount.com.Test.PaymentTest"/>
  <testcase name="PayNow" time="70.787" classname="MyAccount.com.Test.PaymentTest"/>
  <testcase name="RecurringPayment" time="73.099" classname="MyAccount.com.Test.PaymentTest">
    <failure type="org.openqa.selenium.UnhandledAlertException" message="Dismissed user prompt dialog: Ongoing payment. Press OK to abort payment.: 
Build info: version: &amp;apos;3.141.59&amp;apos;, revision: &amp;apos;e82be7d358&amp;apos;, time: &amp;apos;2018-11-14T08:17:03&amp;apos;
System info: host: &amp;apos;LAPTOP-I2DQ2R0M&amp;apos;, ip: &amp;apos;10.120.10.4&amp;apos;, os.name: &amp;apos;Windows 10&amp;apos;, os.arch: &amp;apos;amd64&amp;apos;, os.version: &amp;apos;10.0&amp;apos;, java.version: &amp;apos;1.8.0_191&amp;apos;
Driver info: org.openqa.selenium.firefox.FirefoxDriver
Capabilities {acceptInsecureCerts: true, browserName: firefox, browserVersion: 67.0.2, javascriptEnabled: true, moz:accessibilityChecks: false, moz:buildID: 20190607204818, moz:geckodriverVersion: 0.23.0, moz:headless: false, moz:processID: 23608, moz:profile: C:\Users\E2E\AppData\Local\..., moz:shutdownTimeout: 60000, moz:useNonSpecCompliantPointerOrigin: false, moz:webdriverClick: true, pageLoadStrategy: normal, platform: WINDOWS, platformName: WINDOWS, platformVersion: 10.0, rotatable: false, setWindowRect: true, strictFileInteractability: false, timeouts: {implicit: 0, pageLoad: 300000, script: 30000}, unhandledPromptBehavior: dismiss and notify}
Session ID: 147b49ae-5213-472f-a0e1-1fd2ab00af3a
*** Element info: {Using=xpath, value=//*[@id=&amp;apos;modal-close&amp;apos;]}">
      <![CDATA[org.openqa.selenium.UnhandledAlertException: Dismissed user prompt dialog: Ongoing payment. Press OK to abort payment.: 
Build info: version: '3.141.59', revision: 'e82be7d358', time: '2018-11-14T08:17:03'
System info: host: 'LAPTOP-I2DQ2R0M', ip: '10.120.10.4', os.name: 'Windows 10', os.arch: 'amd64', os.version: '10.0', java.version: '1.8.0_191'
Driver info: org.openqa.selenium.firefox.FirefoxDriver
Capabilities {acceptInsecureCerts: true, browserName: firefox, browserVersion: 67.0.2, javascriptEnabled: true, moz:accessibilityChecks: false, moz:buildID: 20190607204818, moz:geckodriverVersion: 0.23.0, moz:headless: false, moz:processID: 23608, moz:profile: C:\Users\E2E\AppData\Local\..., moz:shutdownTimeout: 60000, moz:useNonSpecCompliantPointerOrigin: false, moz:webdriverClick: true, pageLoadStrategy: normal, platform: WINDOWS, platformName: WINDOWS, platformVersion: 10.0, rotatable: false, setWindowRect: true, strictFileInteractability: false, timeouts: {implicit: 0, pageLoad: 300000, script: 30000}, unhandledPromptBehavior: dismiss and notify}
Session ID: 147b49ae-5213-472f-a0e1-1fd2ab00af3a
*** Element info: {Using=xpath, value=//*[@id='modal-close']}
at org.openqa.selenium.remote.http.W3CHttpResponseCodec.decode(W3CHttpResponseCodec.java:120)
at org.openqa.selenium.remote.http.W3CHttpResponseCodec.decode(W3CHttpResponseCodec.java:49)
at org.openqa.selenium.remote.HttpCommandExecutor.execute(HttpCommandExecutor.java:158)
at org.openqa.selenium.remote.service.DriverCommandExecutor.execute(DriverCommandExecutor.java:83)
at org.openqa.selenium.remote.RemoteWebDriver.execute(RemoteWebDriver.java:552)
at org.openqa.selenium.remote.RemoteWebDriver.findElement(RemoteWebDriver.java:323)
at org.openqa.selenium.remote.RemoteWebDriver.findElementByXPath(RemoteWebDriver.java:428)
at org.openqa.selenium.By$ByXPath.findElement(By.java:353)
at org.openqa.selenium.remote.RemoteWebDriver.findElement(RemoteWebDriver.java:315)
at org.openqa.selenium.support.pagefactory.DefaultElementLocator.findElement(DefaultElementLocator.java:69)
at org.openqa.selenium.support.pagefactory.internal.LocatingElementHandler.invoke(LocatingElementHandler.java:38)
at com.sun.proxy.$Proxy9.click(Unknown Source)
at MyAccount.com.pages.PaymentPage.RecurringPayment(PaymentPage.java:125)
at MyAccount.com.Test.PaymentTest.RecurringPayment(PaymentTest.java:43)
... Removed 25 stack frames]]>
    </failure>
  </testcase> <!-- RecurringPayment -->
</testsuite> <!-- Test2 -->
