<!DOCTYPE html PUBLIC "-//W3C//DTD XHTML 1.1//EN" "http://www.w3.org/TR/xhtml11/DTD/xhtml11.dtd">
<html xmlns="http://www.w3.org/1999/xhtml">
<head>
<meta http-equiv="content-type" content="text/html; charset=UTF-8"/>
<title>TestNG Report</title>
<style type="text/css">table {margin-bottom:10px;border-collapse:collapse;empty-cells:show}th,td {border:1px solid #009;padding:.25em .5em}th {vertical-align:bottom}td {vertical-align:top}table a {font-weight:bold}.stripe td {background-color: #E6EBF9}.num {text-align:right}.passedodd td {background-color: #3F3}.passedeven td {background-color: #0A0}.skippedodd td {background-color: #DDD}.skippedeven td {background-color: #CCC}.failedodd td,.attn {background-color: #F33}.failedeven td,.stripe .attn {background-color: #D00}.stacktrace {white-space:pre;font-family:monospace}.totop {font-size:85%;text-align:center;border-bottom:2px solid #000}.invisible {display:none}</style>
</head>
<body>
<table>
<tr><th>Test</th><th># Passed</th><th># Skipped</th><th># Failed</th><th>Time (ms)</th><th>Included Groups</th><th>Excluded Groups</th></tr>
<tr><th colspan="7">Suite</th></tr>
<tr><td><a href="#t0">Dashboard: CreateNode and Terminate</a></td><td class="num">6</td><td class="num">0</td><td class="num">0</td><td class="num">277,676</td><td></td><td></td></tr>
<tr class="stripe"><td><a href="#t1">Payment Method</a></td><td class="num">4</td><td class="num">0</td><td class="num attn">2</td><td class="num">107,821</td><td></td><td></td></tr>
<tr><td><a href="#t2">API: Generate Token</a></td><td class="num">3</td><td class="num">0</td><td class="num">0</td><td class="num">85,267</td><td></td><td></td></tr>
<tr class="stripe"><td><a href="#t3">Services: Fire and Terminate Tally Appliance</a></td><td class="num">3</td><td class="num">0</td><td class="num">0</td><td class="num">119,401</td><td></td><td></td></tr>
<tr><td><a href="#t4">Services: Create SSL</a></td><td class="num">1</td><td class="num">0</td><td class="num attn">1</td><td class="num">27,487</td><td></td><td></td></tr>
<tr class="stripe"><td><a href="#t5">Setting: Update Profile</a></td><td class="num">1</td><td class="num">0</td><td class="num attn">1</td><td class="num">57,407</td><td></td><td></td></tr>
<tr><th>Total</th><th class="num">18</th><th class="num">0</th><th class="num attn">4</th><th class="num">675,059</th><th colspan="2"></th></tr>
</table>
<table id='summary'><thead><tr><th>Class</th><th>Method</th><th>Start</th><th>Time (ms)</th></tr></thead><tbody><tr><th colspan="4">Suite</th></tr></tbody><tbody id="t0"><tr><th colspan="4">Dashboard: CreateNode and Terminate &#8212; passed</th></tr><tr class="passedeven"><td rowspan="6">MyAccount.com.Test.DashboardTest</td><td><a href="#m0">Close</a></td><td rowspan="1">1562237787829</td><td rowspan="1">20734</td></tr><tr class="passedeven"><td><a href="#m1">CreateNode</a></td><td rowspan="1">1562237538590</td><td rowspan="1">78965</td></tr><tr class="passedeven"><td><a href="#m2">PowerOff</a></td><td rowspan="1">1562237617556</td><td rowspan="1">19594</td></tr><tr class="passedeven"><td><a href="#m3">PowerOn</a></td><td rowspan="1">1562237637151</td><td rowspan="1">11687</td></tr><tr class="passedeven"><td><a href="#m4">RedirectDashboard</a></td><td rowspan="1">1562237766407</td><td rowspan="1">21421</td></tr><tr class="passedeven"><td><a href="#m5">Terminate</a></td><td rowspan="1">1562237648838</td><td rowspan="1">117569</td></tr></tbody>
<tbody id="t1"><tr><th colspan="4">Payment Method &#8212; failed</th></tr><tr class="failedeven"><td rowspan="2">MyAccount.com.Test.PaymentTest</td><td><a href="#m6">PayNow</a></td><td rowspan="1">1562237876399</td><td rowspan="1">20009</td></tr><tr class="failedeven"><td><a href="#m7">RecurringPayment</a></td><td rowspan="1">1562237896413</td><td rowspan="1">20004</td></tr><tr><th colspan="4">Payment Method &#8212; passed</th></tr><tr class="passedeven"><td rowspan="4">MyAccount.com.Test.PaymentTest</td><td><a href="#m8">AccountStatement</a></td><td rowspan="1">1562237815511</td><td rowspan="1">16811</td></tr><tr class="passedeven"><td><a href="#m9">BankAccountDetails</a></td><td rowspan="1">1562237844287</td><td rowspan="1">11325</td></tr><tr class="passedeven"><td><a href="#m10">Close</a></td><td rowspan="1">1562237855613</td><td rowspan="1">20786</td></tr><tr class="passedeven"><td><a href="#m11">SignedInvoices</a></td><td rowspan="1">1562237832322</td><td rowspan="1">11964</td></tr></tbody>
<tbody id="t2"><tr><th colspan="4">API: Generate Token &#8212; passed</th></tr><tr class="passedeven"><td rowspan="3">MyAccount.com.Test.API</td><td><a href="#m12">Close</a></td><td rowspan="1">1562237981061</td><td rowspan="1">20667</td></tr><tr class="passedeven"><td><a href="#m13">Delete_Token</a></td><td rowspan="1">1562237969285</td><td rowspan="1">11776</td></tr><tr class="passedeven"><td><a href="#m14">Generate_Token</a></td><td rowspan="1">1562237925260</td><td rowspan="1">44024</td></tr></tbody>
<tbody id="t3"><tr><th colspan="4">Services: Fire and Terminate Tally Appliance &#8212; passed</th></tr><tr class="passedeven"><td rowspan="3">MyAccount.com.Test.Appliances</td><td><a href="#m15">Close</a></td><td rowspan="1">1562238100335</td><td rowspan="1">20812</td></tr><tr class="passedeven"><td><a href="#m16">Create_Appliance</a></td><td rowspan="1">1562238009208</td><td rowspan="1">61116</td></tr><tr class="passedeven"><td><a href="#m17">Terminate_Appliance</a></td><td rowspan="1">1562238070324</td><td rowspan="1">30011</td></tr></tbody>
<tbody id="t4"><tr><th colspan="4">Services: Create SSL &#8212; failed</th></tr><tr class="failedeven"><td rowspan="1">MyAccount.com.Test.SSLTest</td><td><a href="#m18">sslfillformtest</a></td><td rowspan="1">1562238148652</td><td rowspan="1">4</td></tr><tr><th colspan="4">Services: Create SSL &#8212; passed</th></tr><tr class="passedeven"><td rowspan="1">MyAccount.com.Test.SSLTest</td><td><a href="#m19">Close</a></td><td rowspan="1">1562238127773</td><td rowspan="1">20879</td></tr></tbody>
<tbody id="t5"><tr><th colspan="4">Setting: Update Profile &#8212; failed</th></tr><tr class="failedeven"><td rowspan="1">MyAccount.com.Test.ProfileUpdateTest</td><td><a href="#m20">updatepro</a></td><td rowspan="1">1562238206080</td><td rowspan="1">3</td></tr><tr><th colspan="4">Setting: Update Profile &#8212; passed</th></tr><tr class="passedeven"><td rowspan="1">MyAccount.com.Test.ProfileUpdateTest</td><td><a href="#m21">Close</a></td><td rowspan="1">1562238185290</td><td rowspan="1">20790</td></tr></tbody>
</table>
<h2>Dashboard: CreateNode and Terminate</h2><h3 id="m0">MyAccount.com.Test.DashboardTest#Close</h3><table class="result"><tr><th class="invisible"/></tr></table><p class="totop"><a href="#summary">back to summary</a></p>
<h3 id="m1">MyAccount.com.Test.DashboardTest#CreateNode</h3><table class="result"><tr><th class="invisible"/></tr></table><p class="totop"><a href="#summary">back to summary</a></p>
<h3 id="m2">MyAccount.com.Test.DashboardTest#PowerOff</h3><table class="result"><tr><th class="invisible"/></tr></table><p class="totop"><a href="#summary">back to summary</a></p>
<h3 id="m3">MyAccount.com.Test.DashboardTest#PowerOn</h3><table class="result"><tr><th class="invisible"/></tr></table><p class="totop"><a href="#summary">back to summary</a></p>
<h3 id="m4">MyAccount.com.Test.DashboardTest#RedirectDashboard</h3><table class="result"><tr><th class="invisible"/></tr></table><p class="totop"><a href="#summary">back to summary</a></p>
<h3 id="m5">MyAccount.com.Test.DashboardTest#Terminate</h3><table class="result"><tr><th class="invisible"/></tr></table><p class="totop"><a href="#summary">back to summary</a></p>
<h2>Payment Method</h2><h3 id="m6">MyAccount.com.Test.PaymentTest#PayNow</h3><table class="result"><tr><th>Exception</th></tr><tr><td><div class="stacktrace">org.openqa.selenium.NoSuchSessionException: Tried to run command without establishing a connection
Build info: version: &apos;3.141.59&apos;, revision: &apos;e82be7d358&apos;, time: &apos;2018-11-14T08:17:03&apos;
System info: host: &apos;LAPTOP-I2DQ2R0M&apos;, ip: &apos;10.120.10.9&apos;, os.name: &apos;Windows 10&apos;, os.arch: &apos;amd64&apos;, os.version: &apos;10.0&apos;, java.version: &apos;1.8.0_191&apos;
Driver info: org.openqa.selenium.firefox.FirefoxDriver
Capabilities {acceptInsecureCerts: true, browserName: firefox, browserVersion: 67.0.4, javascriptEnabled: true, moz:accessibilityChecks: false, moz:buildID: 20190619235627, moz:geckodriverVersion: 0.23.0, moz:headless: false, moz:processID: 25672, moz:profile: C:\Users\E2E\AppData\Local\..., moz:shutdownTimeout: 60000, moz:useNonSpecCompliantPointerOrigin: false, moz:webdriverClick: true, pageLoadStrategy: normal, platform: WINDOWS, platformName: WINDOWS, platformVersion: 10.0, rotatable: false, setWindowRect: true, strictFileInteractability: false, timeouts: {implicit: 0, pageLoad: 300000, script: 30000}, unhandledPromptBehavior: dismiss and notify}
Session ID: 8f3a373b-480f-4a65-9434-f4e4ae711c0b
*** Element info: {Using=xpath, value=//a[@href=&apos;/pay-now/&apos;][contains(text(),&apos;Pay Now&apos;)]}
	at org.openqa.selenium.remote.http.W3CHttpResponseCodec.createException(W3CHttpResponseCodec.java:187)
	at org.openqa.selenium.remote.http.W3CHttpResponseCodec.decode(W3CHttpResponseCodec.java:122)
	at org.openqa.selenium.remote.http.W3CHttpResponseCodec.decode(W3CHttpResponseCodec.java:49)
	at org.openqa.selenium.remote.HttpCommandExecutor.execute(HttpCommandExecutor.java:158)
	at org.openqa.selenium.remote.service.DriverCommandExecutor.execute(DriverCommandExecutor.java:83)
	at org.openqa.selenium.remote.RemoteWebDriver.execute(RemoteWebDriver.java:552)
	at org.openqa.selenium.remote.RemoteWebDriver.findElement(RemoteWebDriver.java:323)
	at org.openqa.selenium.remote.RemoteWebDriver.findElementByXPath(RemoteWebDriver.java:428)
	at org.openqa.selenium.By$ByXPath.findElement(By.java:353)
	at org.openqa.selenium.remote.RemoteWebDriver.findElement(RemoteWebDriver.java:315)
	at org.openqa.selenium.support.pagefactory.DefaultElementLocator.findElement(DefaultElementLocator.java:69)
	at org.openqa.selenium.support.pagefactory.internal.LocatingElementHandler.invoke(LocatingElementHandler.java:38)
	at com.sun.proxy.$Proxy7.click(Unknown Source)
	at MyAccount.com.pages.PaymentPage.PayNow(PaymentPage.java:143)
	at MyAccount.com.Test.PaymentTest.PayNow(PaymentTest.java:53)
... Removed 33 stack frames</div></td></tr></table><p class="totop"><a href="#summary">back to summary</a></p>
<h3 id="m7">MyAccount.com.Test.PaymentTest#RecurringPayment</h3><table class="result"><tr><th>Exception</th></tr><tr><td><div class="stacktrace">org.openqa.selenium.NoSuchSessionException: Tried to run command without establishing a connection
Build info: version: &apos;3.141.59&apos;, revision: &apos;e82be7d358&apos;, time: &apos;2018-11-14T08:17:03&apos;
System info: host: &apos;LAPTOP-I2DQ2R0M&apos;, ip: &apos;10.120.10.9&apos;, os.name: &apos;Windows 10&apos;, os.arch: &apos;amd64&apos;, os.version: &apos;10.0&apos;, java.version: &apos;1.8.0_191&apos;
Driver info: org.openqa.selenium.firefox.FirefoxDriver
Capabilities {acceptInsecureCerts: true, browserName: firefox, browserVersion: 67.0.4, javascriptEnabled: true, moz:accessibilityChecks: false, moz:buildID: 20190619235627, moz:geckodriverVersion: 0.23.0, moz:headless: false, moz:processID: 25672, moz:profile: C:\Users\E2E\AppData\Local\..., moz:shutdownTimeout: 60000, moz:useNonSpecCompliantPointerOrigin: false, moz:webdriverClick: true, pageLoadStrategy: normal, platform: WINDOWS, platformName: WINDOWS, platformVersion: 10.0, rotatable: false, setWindowRect: true, strictFileInteractability: false, timeouts: {implicit: 0, pageLoad: 300000, script: 30000}, unhandledPromptBehavior: dismiss and notify}
Session ID: 8f3a373b-480f-4a65-9434-f4e4ae711c0b
*** Element info: {Using=xpath, value=//a[@href=&apos;/paymentdetails/&apos;][contains(text(),&apos;Recurring Payment&apos;)]}
	at org.openqa.selenium.remote.http.W3CHttpResponseCodec.createException(W3CHttpResponseCodec.java:187)
	at org.openqa.selenium.remote.http.W3CHttpResponseCodec.decode(W3CHttpResponseCodec.java:122)
	at org.openqa.selenium.remote.http.W3CHttpResponseCodec.decode(W3CHttpResponseCodec.java:49)
	at org.openqa.selenium.remote.HttpCommandExecutor.execute(HttpCommandExecutor.java:158)
	at org.openqa.selenium.remote.service.DriverCommandExecutor.execute(DriverCommandExecutor.java:83)
	at org.openqa.selenium.remote.RemoteWebDriver.execute(RemoteWebDriver.java:552)
	at org.openqa.selenium.remote.RemoteWebDriver.findElements(RemoteWebDriver.java:353)
	at org.openqa.selenium.remote.RemoteWebDriver.findElementsByXPath(RemoteWebDriver.java:432)
	at org.openqa.selenium.By$ByXPath.findElements(By.java:348)
	at org.openqa.selenium.remote.RemoteWebDriver.findElements(RemoteWebDriver.java:311)
	at MyAccount.com.pages.PaymentPage.RecurringPayment(PaymentPage.java:94)
	at MyAccount.com.Test.PaymentTest.RecurringPayment(PaymentTest.java:43)
... Removed 33 stack frames</div></td></tr></table><p class="totop"><a href="#summary">back to summary</a></p>
<h3 id="m8">MyAccount.com.Test.PaymentTest#AccountStatement</h3><table class="result"><tr><th class="invisible"/></tr></table><p class="totop"><a href="#summary">back to summary</a></p>
<h3 id="m9">MyAccount.com.Test.PaymentTest#BankAccountDetails</h3><table class="result"><tr><th class="invisible"/></tr></table><p class="totop"><a href="#summary">back to summary</a></p>
<h3 id="m10">MyAccount.com.Test.PaymentTest#Close</h3><table class="result"><tr><th class="invisible"/></tr></table><p class="totop"><a href="#summary">back to summary</a></p>
<h3 id="m11">MyAccount.com.Test.PaymentTest#SignedInvoices</h3><table class="result"><tr><th class="invisible"/></tr></table><p class="totop"><a href="#summary">back to summary</a></p>
<h2>API: Generate Token</h2><h3 id="m12">MyAccount.com.Test.API#Close</h3><table class="result"><tr><th class="invisible"/></tr></table><p class="totop"><a href="#summary">back to summary</a></p>
<h3 id="m13">MyAccount.com.Test.API#Delete_Token</h3><table class="result"><tr><th class="invisible"/></tr></table><p class="totop"><a href="#summary">back to summary</a></p>
<h3 id="m14">MyAccount.com.Test.API#Generate_Token</h3><table class="result"><tr><th class="invisible"/></tr></table><p class="totop"><a href="#summary">back to summary</a></p>
<h2>Services: Fire and Terminate Tally Appliance</h2><h3 id="m15">MyAccount.com.Test.Appliances#Close</h3><table class="result"><tr><th class="invisible"/></tr></table><p class="totop"><a href="#summary">back to summary</a></p>
<h3 id="m16">MyAccount.com.Test.Appliances#Create_Appliance</h3><table class="result"><tr><th class="invisible"/></tr></table><p class="totop"><a href="#summary">back to summary</a></p>
<h3 id="m17">MyAccount.com.Test.Appliances#Terminate_Appliance</h3><table class="result"><tr><th class="invisible"/></tr></table><p class="totop"><a href="#summary">back to summary</a></p>
<h2>Services: Create SSL</h2><h3 id="m18">MyAccount.com.Test.SSLTest#sslfillformtest</h3><table class="result"><tr><th>Exception</th></tr><tr><td><div class="stacktrace">org.openqa.selenium.NoSuchSessionException: Tried to run command without establishing a connection
Build info: version: &apos;3.141.59&apos;, revision: &apos;e82be7d358&apos;, time: &apos;2018-11-14T08:17:03&apos;
System info: host: &apos;LAPTOP-I2DQ2R0M&apos;, ip: &apos;10.120.10.9&apos;, os.name: &apos;Windows 10&apos;, os.arch: &apos;amd64&apos;, os.version: &apos;10.0&apos;, java.version: &apos;1.8.0_191&apos;
Driver info: org.openqa.selenium.firefox.FirefoxDriver
Capabilities {acceptInsecureCerts: true, browserName: firefox, browserVersion: 67.0.4, javascriptEnabled: true, moz:accessibilityChecks: false, moz:buildID: 20190619235627, moz:geckodriverVersion: 0.23.0, moz:headless: false, moz:processID: 34708, moz:profile: C:\Users\E2E\AppData\Local\..., moz:shutdownTimeout: 60000, moz:useNonSpecCompliantPointerOrigin: false, moz:webdriverClick: true, pageLoadStrategy: normal, platform: WINDOWS, platformName: WINDOWS, platformVersion: 10.0, rotatable: false, setWindowRect: true, strictFileInteractability: false, timeouts: {implicit: 0, pageLoad: 300000, script: 30000}, unhandledPromptBehavior: dismiss and notify}
Session ID: 9de9e327-8815-475a-a977-5bf0ab94c01a
	at org.openqa.selenium.remote.http.W3CHttpResponseCodec.createException(W3CHttpResponseCodec.java:187)
	at org.openqa.selenium.remote.http.W3CHttpResponseCodec.decode(W3CHttpResponseCodec.java:122)
	at org.openqa.selenium.remote.http.W3CHttpResponseCodec.decode(W3CHttpResponseCodec.java:49)
	at org.openqa.selenium.remote.HttpCommandExecutor.execute(HttpCommandExecutor.java:158)
	at org.openqa.selenium.remote.service.DriverCommandExecutor.execute(DriverCommandExecutor.java:83)
	at org.openqa.selenium.remote.RemoteWebDriver.execute(RemoteWebDriver.java:552)
	at org.openqa.selenium.remote.RemoteWebDriver.execute(RemoteWebDriver.java:609)
	at org.openqa.selenium.remote.RemoteWebDriver$RemoteNavigation.refresh(RemoteWebDriver.java:865)
	at MyAccount.com.pages.SSLPage.sslfillform(SSLPage.java:93)
	at MyAccount.com.Test.SSLTest.sslfillformtest(SSLTest.java:38)
... Removed 33 stack frames</div></td></tr></table><p class="totop"><a href="#summary">back to summary</a></p>
<h3 id="m19">MyAccount.com.Test.SSLTest#Close</h3><table class="result"><tr><th class="invisible"/></tr></table><p class="totop"><a href="#summary">back to summary</a></p>
<h2>Setting: Update Profile</h2><h3 id="m20">MyAccount.com.Test.ProfileUpdateTest#updatepro</h3><table class="result"><tr><th>Exception</th></tr><tr><td><div class="stacktrace">org.openqa.selenium.NoSuchSessionException: Tried to run command without establishing a connection
Build info: version: &apos;3.141.59&apos;, revision: &apos;e82be7d358&apos;, time: &apos;2018-11-14T08:17:03&apos;
System info: host: &apos;LAPTOP-I2DQ2R0M&apos;, ip: &apos;10.120.10.9&apos;, os.name: &apos;Windows 10&apos;, os.arch: &apos;amd64&apos;, os.version: &apos;10.0&apos;, java.version: &apos;1.8.0_191&apos;
Driver info: org.openqa.selenium.firefox.FirefoxDriver
Capabilities {acceptInsecureCerts: true, browserName: firefox, browserVersion: 67.0.4, javascriptEnabled: true, moz:accessibilityChecks: false, moz:buildID: 20190619235627, moz:geckodriverVersion: 0.23.0, moz:headless: false, moz:processID: 30184, moz:profile: C:\Users\E2E\AppData\Local\..., moz:shutdownTimeout: 60000, moz:useNonSpecCompliantPointerOrigin: false, moz:webdriverClick: true, pageLoadStrategy: normal, platform: WINDOWS, platformName: WINDOWS, platformVersion: 10.0, rotatable: false, setWindowRect: true, strictFileInteractability: false, timeouts: {implicit: 0, pageLoad: 300000, script: 30000}, unhandledPromptBehavior: dismiss and notify}
Session ID: 13a32446-2f2b-4bef-b441-fa796e343dd6
	at org.openqa.selenium.remote.http.W3CHttpResponseCodec.createException(W3CHttpResponseCodec.java:187)
	at org.openqa.selenium.remote.http.W3CHttpResponseCodec.decode(W3CHttpResponseCodec.java:122)
	at org.openqa.selenium.remote.http.W3CHttpResponseCodec.decode(W3CHttpResponseCodec.java:49)
	at org.openqa.selenium.remote.HttpCommandExecutor.execute(HttpCommandExecutor.java:158)
	at org.openqa.selenium.remote.service.DriverCommandExecutor.execute(DriverCommandExecutor.java:83)
	at org.openqa.selenium.remote.RemoteWebDriver.execute(RemoteWebDriver.java:552)
	at org.openqa.selenium.remote.RemoteWebDriver.execute(RemoteWebDriver.java:609)
	at org.openqa.selenium.remote.RemoteWebDriver$RemoteNavigation.refresh(RemoteWebDriver.java:865)
	at MyAccount.com.pages.ProfileUpdate.proupdate(ProfileUpdate.java:57)
	at MyAccount.com.Test.ProfileUpdateTest.updatepro(ProfileUpdateTest.java:37)
... Removed 33 stack frames</div></td></tr></table><p class="totop"><a href="#summary">back to summary</a></p>
<h3 id="m21">MyAccount.com.Test.ProfileUpdateTest#Close</h3><table class="result"><tr><th class="invisible"/></tr></table><p class="totop"><a href="#summary">back to summary</a></p>
</body>
</html>
