<?xml version="1.0" encoding="UTF-8"?>
<testng-results skipped="0" failed="3" ignored="0" total="16" passed="13">
  <reporter-output>
  </reporter-output>
  <suite name="Suite" duration-ms="723496" started-at="2019-07-03T09:37:04Z" finished-at="2019-07-03T09:49:08Z">
    <groups>
    </groups>
    <test name="Dashboard: CreateNode and Terminate" duration-ms="276854" started-at="2019-07-03T09:37:04Z" finished-at="2019-07-03T09:41:41Z">
      <class name="MyAccount.com.Test.DashboardTest">
        <test-method status="PASS" signature="inititalization()[pri:0, instance:MyAccount.com.Test.DashboardTest@6b09bb57]" name="inititalization" is-config="true" duration-ms="6040" started-at="2019-07-03T09:37:04Z" finished-at="2019-07-03T09:37:10Z">
          <reporter-output>
          </reporter-output>
        </test-method> <!-- inititalization -->
        <test-method status="PASS" signature="setUp()[pri:0, instance:MyAccount.com.Test.DashboardTest@6b09bb57]" name="setUp" is-config="true" duration-ms="2314" started-at="2019-07-03T09:37:10Z" finished-at="2019-07-03T09:37:13Z">
          <reporter-output>
          </reporter-output>
        </test-method> <!-- setUp -->
        <test-method status="PASS" signature="CreateNode()[pri:1, instance:MyAccount.com.Test.DashboardTest@6b09bb57]" name="CreateNode" duration-ms="80456" started-at="2019-07-03T09:37:13Z" finished-at="2019-07-03T09:38:33Z">
          <reporter-output>
          </reporter-output>
        </test-method> <!-- CreateNode -->
        <test-method status="FAIL" signature="PowerOff()[pri:2, instance:MyAccount.com.Test.DashboardTest@6b09bb57]" name="PowerOff" duration-ms="32775" started-at="2019-07-03T09:38:33Z" finished-at="2019-07-03T09:39:06Z">
          <exception class="org.openqa.selenium.ElementClickInterceptedException">
            <message>
              <![CDATA[Element <div class="btn btn-default refresh-span-node fa fa-repeat"> is not clickable at point (1298,237) because another element <div id="poweroff_modal" class="modal fade in"> obscures it
Build info: version: '3.141.59', revision: 'e82be7d358', time: '2018-11-14T08:17:03'
System info: host: 'LAPTOP-I2DQ2R0M', ip: '10.120.10.21', os.name: 'Windows 10', os.arch: 'amd64', os.version: '10.0', java.version: '1.8.0_191'
Driver info: org.openqa.selenium.firefox.FirefoxDriver
Capabilities {acceptInsecureCerts: true, browserName: firefox, browserVersion: 67.0.4, javascriptEnabled: true, moz:accessibilityChecks: false, moz:buildID: 20190619235627, moz:geckodriverVersion: 0.23.0, moz:headless: false, moz:processID: 11228, moz:profile: C:\Users\E2E\AppData\Local\..., moz:shutdownTimeout: 60000, moz:useNonSpecCompliantPointerOrigin: false, moz:webdriverClick: true, pageLoadStrategy: normal, platform: WINDOWS, platformName: WINDOWS, platformVersion: 10.0, rotatable: false, setWindowRect: true, strictFileInteractability: false, timeouts: {implicit: 0, pageLoad: 300000, script: 30000}, unhandledPromptBehavior: dismiss and notify}
Session ID: fbd86bd3-7e5d-45c2-9cb6-881045183ed0]]>
            </message>
            <full-stacktrace>
              <![CDATA[org.openqa.selenium.ElementClickInterceptedException: Element <div class="btn btn-default refresh-span-node fa fa-repeat"> is not clickable at point (1298,237) because another element <div id="poweroff_modal" class="modal fade in"> obscures it
Build info: version: '3.141.59', revision: 'e82be7d358', time: '2018-11-14T08:17:03'
System info: host: 'LAPTOP-I2DQ2R0M', ip: '10.120.10.21', os.name: 'Windows 10', os.arch: 'amd64', os.version: '10.0', java.version: '1.8.0_191'
Driver info: org.openqa.selenium.firefox.FirefoxDriver
Capabilities {acceptInsecureCerts: true, browserName: firefox, browserVersion: 67.0.4, javascriptEnabled: true, moz:accessibilityChecks: false, moz:buildID: 20190619235627, moz:geckodriverVersion: 0.23.0, moz:headless: false, moz:processID: 11228, moz:profile: C:\Users\E2E\AppData\Local\..., moz:shutdownTimeout: 60000, moz:useNonSpecCompliantPointerOrigin: false, moz:webdriverClick: true, pageLoadStrategy: normal, platform: WINDOWS, platformName: WINDOWS, platformVersion: 10.0, rotatable: false, setWindowRect: true, strictFileInteractability: false, timeouts: {implicit: 0, pageLoad: 300000, script: 30000}, unhandledPromptBehavior: dismiss and notify}
Session ID: fbd86bd3-7e5d-45c2-9cb6-881045183ed0
at sun.reflect.NativeConstructorAccessorImpl.newInstance0(Native Method)
at sun.reflect.NativeConstructorAccessorImpl.newInstance(NativeConstructorAccessorImpl.java:62)
at sun.reflect.DelegatingConstructorAccessorImpl.newInstance(DelegatingConstructorAccessorImpl.java:45)
at java.lang.reflect.Constructor.newInstance(Constructor.java:423)
at org.openqa.selenium.remote.http.W3CHttpResponseCodec.createException(W3CHttpResponseCodec.java:187)
at org.openqa.selenium.remote.http.W3CHttpResponseCodec.decode(W3CHttpResponseCodec.java:122)
at org.openqa.selenium.remote.http.W3CHttpResponseCodec.decode(W3CHttpResponseCodec.java:49)
at org.openqa.selenium.remote.HttpCommandExecutor.execute(HttpCommandExecutor.java:158)
at org.openqa.selenium.remote.service.DriverCommandExecutor.execute(DriverCommandExecutor.java:83)
at org.openqa.selenium.remote.RemoteWebDriver.execute(RemoteWebDriver.java:552)
at org.openqa.selenium.remote.RemoteWebElement.execute(RemoteWebElement.java:285)
at org.openqa.selenium.remote.RemoteWebElement.click(RemoteWebElement.java:84)
at sun.reflect.NativeMethodAccessorImpl.invoke0(Native Method)
at sun.reflect.NativeMethodAccessorImpl.invoke(NativeMethodAccessorImpl.java:62)
at sun.reflect.DelegatingMethodAccessorImpl.invoke(DelegatingMethodAccessorImpl.java:43)
at java.lang.reflect.Method.invoke(Method.java:498)
at org.openqa.selenium.support.pagefactory.internal.LocatingElementHandler.invoke(LocatingElementHandler.java:51)
at com.sun.proxy.$Proxy8.click(Unknown Source)
at MyAccount.com.pages.DashboardPage.PowerOff(DashboardPage.java:82)
at MyAccount.com.Test.DashboardTest.PowerOff(DashboardTest.java:54)
at sun.reflect.NativeMethodAccessorImpl.invoke0(Native Method)
at sun.reflect.NativeMethodAccessorImpl.invoke(NativeMethodAccessorImpl.java:62)
at sun.reflect.DelegatingMethodAccessorImpl.invoke(DelegatingMethodAccessorImpl.java:43)
at java.lang.reflect.Method.invoke(Method.java:498)
at org.testng.internal.MethodInvocationHelper.invokeMethod(MethodInvocationHelper.java:124)
at org.testng.internal.Invoker.invokeMethod(Invoker.java:583)
at org.testng.internal.Invoker.invokeTestMethod(Invoker.java:719)
at org.testng.internal.Invoker.invokeTestMethods(Invoker.java:989)
at org.testng.internal.TestMethodWorker.invokeTestMethods(TestMethodWorker.java:125)
at org.testng.internal.TestMethodWorker.run(TestMethodWorker.java:109)
at org.testng.TestRunner.privateRun(TestRunner.java:648)
at org.testng.TestRunner.run(TestRunner.java:505)
at org.testng.SuiteRunner.runTest(SuiteRunner.java:455)
at org.testng.SuiteRunner.runSequentially(SuiteRunner.java:450)
at org.testng.SuiteRunner.privateRun(SuiteRunner.java:415)
at org.testng.SuiteRunner.run(SuiteRunner.java:364)
at org.testng.SuiteRunnerWorker.runSuite(SuiteRunnerWorker.java:52)
at org.testng.SuiteRunnerWorker.run(SuiteRunnerWorker.java:84)
at org.testng.TestNG.runSuitesSequentially(TestNG.java:1208)
at org.testng.TestNG.runSuitesLocally(TestNG.java:1137)
at org.testng.TestNG.runSuites(TestNG.java:1049)
at org.testng.TestNG.run(TestNG.java:1017)
at org.apache.maven.surefire.testng.TestNGExecutor.run(TestNGExecutor.java:283)
at org.apache.maven.surefire.testng.TestNGXmlTestSuite.execute(TestNGXmlTestSuite.java:75)
at org.apache.maven.surefire.testng.TestNGProvider.invoke(TestNGProvider.java:120)
at org.apache.maven.surefire.booter.ForkedBooter.invokeProviderInSameClassLoader(ForkedBooter.java:384)
at org.apache.maven.surefire.booter.ForkedBooter.runSuitesInProcess(ForkedBooter.java:345)
at org.apache.maven.surefire.booter.ForkedBooter.execute(ForkedBooter.java:126)
at org.apache.maven.surefire.booter.ForkedBooter.main(ForkedBooter.java:418)
]]>
            </full-stacktrace>
          </exception> <!-- org.openqa.selenium.ElementClickInterceptedException -->
          <reporter-output>
          </reporter-output>
        </test-method> <!-- PowerOff -->
        <test-method status="FAIL" signature="PowerOn()[pri:3, instance:MyAccount.com.Test.DashboardTest@6b09bb57]" name="PowerOn" duration-ms="11277" started-at="2019-07-03T09:39:06Z" finished-at="2019-07-03T09:39:17Z">
          <exception class="org.openqa.selenium.ElementNotInteractableException">
            <message>
              <![CDATA[Element <input name="rebootnode" type="checkbox"> could not be scrolled into view
Build info: version: '3.141.59', revision: 'e82be7d358', time: '2018-11-14T08:17:03'
System info: host: 'LAPTOP-I2DQ2R0M', ip: '10.120.10.21', os.name: 'Windows 10', os.arch: 'amd64', os.version: '10.0', java.version: '1.8.0_191'
Driver info: org.openqa.selenium.firefox.FirefoxDriver
Capabilities {acceptInsecureCerts: true, browserName: firefox, browserVersion: 67.0.4, javascriptEnabled: true, moz:accessibilityChecks: false, moz:buildID: 20190619235627, moz:geckodriverVersion: 0.23.0, moz:headless: false, moz:processID: 11228, moz:profile: C:\Users\E2E\AppData\Local\..., moz:shutdownTimeout: 60000, moz:useNonSpecCompliantPointerOrigin: false, moz:webdriverClick: true, pageLoadStrategy: normal, platform: WINDOWS, platformName: WINDOWS, platformVersion: 10.0, rotatable: false, setWindowRect: true, strictFileInteractability: false, timeouts: {implicit: 0, pageLoad: 300000, script: 30000}, unhandledPromptBehavior: dismiss and notify}
Session ID: fbd86bd3-7e5d-45c2-9cb6-881045183ed0]]>
            </message>
            <full-stacktrace>
              <![CDATA[org.openqa.selenium.ElementNotInteractableException: Element <input name="rebootnode" type="checkbox"> could not be scrolled into view
Build info: version: '3.141.59', revision: 'e82be7d358', time: '2018-11-14T08:17:03'
System info: host: 'LAPTOP-I2DQ2R0M', ip: '10.120.10.21', os.name: 'Windows 10', os.arch: 'amd64', os.version: '10.0', java.version: '1.8.0_191'
Driver info: org.openqa.selenium.firefox.FirefoxDriver
Capabilities {acceptInsecureCerts: true, browserName: firefox, browserVersion: 67.0.4, javascriptEnabled: true, moz:accessibilityChecks: false, moz:buildID: 20190619235627, moz:geckodriverVersion: 0.23.0, moz:headless: false, moz:processID: 11228, moz:profile: C:\Users\E2E\AppData\Local\..., moz:shutdownTimeout: 60000, moz:useNonSpecCompliantPointerOrigin: false, moz:webdriverClick: true, pageLoadStrategy: normal, platform: WINDOWS, platformName: WINDOWS, platformVersion: 10.0, rotatable: false, setWindowRect: true, strictFileInteractability: false, timeouts: {implicit: 0, pageLoad: 300000, script: 30000}, unhandledPromptBehavior: dismiss and notify}
Session ID: fbd86bd3-7e5d-45c2-9cb6-881045183ed0
at sun.reflect.NativeConstructorAccessorImpl.newInstance0(Native Method)
at sun.reflect.NativeConstructorAccessorImpl.newInstance(NativeConstructorAccessorImpl.java:62)
at sun.reflect.DelegatingConstructorAccessorImpl.newInstance(DelegatingConstructorAccessorImpl.java:45)
at java.lang.reflect.Constructor.newInstance(Constructor.java:423)
at org.openqa.selenium.remote.http.W3CHttpResponseCodec.createException(W3CHttpResponseCodec.java:187)
at org.openqa.selenium.remote.http.W3CHttpResponseCodec.decode(W3CHttpResponseCodec.java:122)
at org.openqa.selenium.remote.http.W3CHttpResponseCodec.decode(W3CHttpResponseCodec.java:49)
at org.openqa.selenium.remote.HttpCommandExecutor.execute(HttpCommandExecutor.java:158)
at org.openqa.selenium.remote.service.DriverCommandExecutor.execute(DriverCommandExecutor.java:83)
at org.openqa.selenium.remote.RemoteWebDriver.execute(RemoteWebDriver.java:552)
at org.openqa.selenium.remote.RemoteWebElement.execute(RemoteWebElement.java:285)
at org.openqa.selenium.remote.RemoteWebElement.click(RemoteWebElement.java:84)
at sun.reflect.NativeMethodAccessorImpl.invoke0(Native Method)
at sun.reflect.NativeMethodAccessorImpl.invoke(NativeMethodAccessorImpl.java:62)
at sun.reflect.DelegatingMethodAccessorImpl.invoke(DelegatingMethodAccessorImpl.java:43)
at java.lang.reflect.Method.invoke(Method.java:498)
at org.openqa.selenium.support.pagefactory.internal.LocatingElementHandler.invoke(LocatingElementHandler.java:51)
at com.sun.proxy.$Proxy8.click(Unknown Source)
at MyAccount.com.pages.DashboardPage.PowerOn(DashboardPage.java:94)
at MyAccount.com.Test.DashboardTest.PowerOn(DashboardTest.java:62)
at sun.reflect.NativeMethodAccessorImpl.invoke0(Native Method)
at sun.reflect.NativeMethodAccessorImpl.invoke(NativeMethodAccessorImpl.java:62)
at sun.reflect.DelegatingMethodAccessorImpl.invoke(DelegatingMethodAccessorImpl.java:43)
at java.lang.reflect.Method.invoke(Method.java:498)
at org.testng.internal.MethodInvocationHelper.invokeMethod(MethodInvocationHelper.java:124)
at org.testng.internal.Invoker.invokeMethod(Invoker.java:583)
at org.testng.internal.Invoker.invokeTestMethod(Invoker.java:719)
at org.testng.internal.Invoker.invokeTestMethods(Invoker.java:989)
at org.testng.internal.TestMethodWorker.invokeTestMethods(TestMethodWorker.java:125)
at org.testng.internal.TestMethodWorker.run(TestMethodWorker.java:109)
at org.testng.TestRunner.privateRun(TestRunner.java:648)
at org.testng.TestRunner.run(TestRunner.java:505)
at org.testng.SuiteRunner.runTest(SuiteRunner.java:455)
at org.testng.SuiteRunner.runSequentially(SuiteRunner.java:450)
at org.testng.SuiteRunner.privateRun(SuiteRunner.java:415)
at org.testng.SuiteRunner.run(SuiteRunner.java:364)
at org.testng.SuiteRunnerWorker.runSuite(SuiteRunnerWorker.java:52)
at org.testng.SuiteRunnerWorker.run(SuiteRunnerWorker.java:84)
at org.testng.TestNG.runSuitesSequentially(TestNG.java:1208)
at org.testng.TestNG.runSuitesLocally(TestNG.java:1137)
at org.testng.TestNG.runSuites(TestNG.java:1049)
at org.testng.TestNG.run(TestNG.java:1017)
at org.apache.maven.surefire.testng.TestNGExecutor.run(TestNGExecutor.java:283)
at org.apache.maven.surefire.testng.TestNGXmlTestSuite.execute(TestNGXmlTestSuite.java:75)
at org.apache.maven.surefire.testng.TestNGProvider.invoke(TestNGProvider.java:120)
at org.apache.maven.surefire.booter.ForkedBooter.invokeProviderInSameClassLoader(ForkedBooter.java:384)
at org.apache.maven.surefire.booter.ForkedBooter.runSuitesInProcess(ForkedBooter.java:345)
at org.apache.maven.surefire.booter.ForkedBooter.execute(ForkedBooter.java:126)
at org.apache.maven.surefire.booter.ForkedBooter.main(ForkedBooter.java:418)
]]>
            </full-stacktrace>
          </exception> <!-- org.openqa.selenium.ElementNotInteractableException -->
          <reporter-output>
          </reporter-output>
        </test-method> <!-- PowerOn -->
        <test-method status="PASS" signature="Terminate()[pri:4, instance:MyAccount.com.Test.DashboardTest@6b09bb57]" name="Terminate" duration-ms="122424" started-at="2019-07-03T09:39:17Z" finished-at="2019-07-03T09:41:20Z">
          <reporter-output>
          </reporter-output>
        </test-method> <!-- Terminate -->
        <test-method status="PASS" signature="RedirectDashboard()[pri:5, instance:MyAccount.com.Test.DashboardTest@6b09bb57]" name="RedirectDashboard" duration-ms="21524" started-at="2019-07-03T09:41:20Z" finished-at="2019-07-03T09:41:41Z">
          <reporter-output>
          </reporter-output>
        </test-method> <!-- RedirectDashboard -->
      </class> <!-- MyAccount.com.Test.DashboardTest -->
    </test> <!-- Dashboard: CreateNode and Terminate -->
    <test name="Payment Method" duration-ms="159978" started-at="2019-07-03T09:41:41Z" finished-at="2019-07-03T09:44:21Z">
      <class name="MyAccount.com.Test.PaymentTest">
        <test-method status="PASS" signature="inititalization()[pri:0, instance:MyAccount.com.Test.PaymentTest@5ae63ade]" name="inititalization" is-config="true" duration-ms="5982" started-at="2019-07-03T09:41:41Z" finished-at="2019-07-03T09:41:47Z">
          <reporter-output>
          </reporter-output>
        </test-method> <!-- inititalization -->
        <test-method status="PASS" signature="setUp()[pri:0, instance:MyAccount.com.Test.PaymentTest@5ae63ade]" name="setUp" is-config="true" duration-ms="2025" started-at="2019-07-03T09:41:47Z" finished-at="2019-07-03T09:41:49Z">
          <reporter-output>
          </reporter-output>
        </test-method> <!-- setUp -->
        <test-method status="PASS" signature="AccountStatement()[pri:1, instance:MyAccount.com.Test.PaymentTest@5ae63ade]" name="AccountStatement" duration-ms="17165" started-at="2019-07-03T09:41:49Z" finished-at="2019-07-03T09:42:06Z">
          <reporter-output>
          </reporter-output>
        </test-method> <!-- AccountStatement -->
        <test-method status="PASS" signature="SignedInvoices()[pri:2, instance:MyAccount.com.Test.PaymentTest@5ae63ade]" name="SignedInvoices" duration-ms="11717" started-at="2019-07-03T09:42:06Z" finished-at="2019-07-03T09:42:18Z">
          <reporter-output>
          </reporter-output>
        </test-method> <!-- SignedInvoices -->
        <test-method status="PASS" signature="BankAccountDetails()[pri:3, instance:MyAccount.com.Test.PaymentTest@5ae63ade]" name="BankAccountDetails" duration-ms="12660" started-at="2019-07-03T09:42:18Z" finished-at="2019-07-03T09:42:31Z">
          <reporter-output>
          </reporter-output>
        </test-method> <!-- BankAccountDetails -->
        <test-method status="PASS" signature="PayNow()[pri:4, instance:MyAccount.com.Test.PaymentTest@5ae63ade]" name="PayNow" duration-ms="71538" started-at="2019-07-03T09:42:31Z" finished-at="2019-07-03T09:43:42Z">
          <reporter-output>
          </reporter-output>
        </test-method> <!-- PayNow -->
        <test-method status="FAIL" signature="RecurringPayment()[pri:5, instance:MyAccount.com.Test.PaymentTest@5ae63ade]" name="RecurringPayment" duration-ms="38886" started-at="2019-07-03T09:43:42Z" finished-at="2019-07-03T09:44:21Z">
          <exception class="org.openqa.selenium.ElementClickInterceptedException">
            <message>
              <![CDATA[Element <span class="proceed-btn"> is not clickable at point (769,544) because another element <div class="pad recurring-message"> obscures it
Build info: version: '3.141.59', revision: 'e82be7d358', time: '2018-11-14T08:17:03'
System info: host: 'LAPTOP-I2DQ2R0M', ip: '10.120.10.21', os.name: 'Windows 10', os.arch: 'amd64', os.version: '10.0', java.version: '1.8.0_191'
Driver info: org.openqa.selenium.firefox.FirefoxDriver
Capabilities {acceptInsecureCerts: true, browserName: firefox, browserVersion: 67.0.4, javascriptEnabled: true, moz:accessibilityChecks: false, moz:buildID: 20190619235627, moz:geckodriverVersion: 0.23.0, moz:headless: false, moz:processID: 12088, moz:profile: C:\Users\E2E\AppData\Local\..., moz:shutdownTimeout: 60000, moz:useNonSpecCompliantPointerOrigin: false, moz:webdriverClick: true, pageLoadStrategy: normal, platform: WINDOWS, platformName: WINDOWS, platformVersion: 10.0, rotatable: false, setWindowRect: true, strictFileInteractability: false, timeouts: {implicit: 0, pageLoad: 300000, script: 30000}, unhandledPromptBehavior: dismiss and notify}
Session ID: 10b65e2e-a436-4d6b-af27-32b554e4c7ac]]>
            </message>
            <full-stacktrace>
              <![CDATA[org.openqa.selenium.ElementClickInterceptedException: Element <span class="proceed-btn"> is not clickable at point (769,544) because another element <div class="pad recurring-message"> obscures it
Build info: version: '3.141.59', revision: 'e82be7d358', time: '2018-11-14T08:17:03'
System info: host: 'LAPTOP-I2DQ2R0M', ip: '10.120.10.21', os.name: 'Windows 10', os.arch: 'amd64', os.version: '10.0', java.version: '1.8.0_191'
Driver info: org.openqa.selenium.firefox.FirefoxDriver
Capabilities {acceptInsecureCerts: true, browserName: firefox, browserVersion: 67.0.4, javascriptEnabled: true, moz:accessibilityChecks: false, moz:buildID: 20190619235627, moz:geckodriverVersion: 0.23.0, moz:headless: false, moz:processID: 12088, moz:profile: C:\Users\E2E\AppData\Local\..., moz:shutdownTimeout: 60000, moz:useNonSpecCompliantPointerOrigin: false, moz:webdriverClick: true, pageLoadStrategy: normal, platform: WINDOWS, platformName: WINDOWS, platformVersion: 10.0, rotatable: false, setWindowRect: true, strictFileInteractability: false, timeouts: {implicit: 0, pageLoad: 300000, script: 30000}, unhandledPromptBehavior: dismiss and notify}
Session ID: 10b65e2e-a436-4d6b-af27-32b554e4c7ac
at sun.reflect.NativeConstructorAccessorImpl.newInstance0(Native Method)
at sun.reflect.NativeConstructorAccessorImpl.newInstance(NativeConstructorAccessorImpl.java:62)
at sun.reflect.DelegatingConstructorAccessorImpl.newInstance(DelegatingConstructorAccessorImpl.java:45)
at java.lang.reflect.Constructor.newInstance(Constructor.java:423)
at org.openqa.selenium.remote.http.W3CHttpResponseCodec.createException(W3CHttpResponseCodec.java:187)
at org.openqa.selenium.remote.http.W3CHttpResponseCodec.decode(W3CHttpResponseCodec.java:122)
at org.openqa.selenium.remote.http.W3CHttpResponseCodec.decode(W3CHttpResponseCodec.java:49)
at org.openqa.selenium.remote.HttpCommandExecutor.execute(HttpCommandExecutor.java:158)
at org.openqa.selenium.remote.service.DriverCommandExecutor.execute(DriverCommandExecutor.java:83)
at org.openqa.selenium.remote.RemoteWebDriver.execute(RemoteWebDriver.java:552)
at org.openqa.selenium.remote.RemoteWebElement.execute(RemoteWebElement.java:285)
at org.openqa.selenium.remote.RemoteWebElement.click(RemoteWebElement.java:84)
at sun.reflect.GeneratedMethodAccessor1.invoke(Unknown Source)
at sun.reflect.DelegatingMethodAccessorImpl.invoke(DelegatingMethodAccessorImpl.java:43)
at java.lang.reflect.Method.invoke(Method.java:498)
at org.openqa.selenium.support.pagefactory.internal.LocatingElementHandler.invoke(LocatingElementHandler.java:51)
at com.sun.proxy.$Proxy8.click(Unknown Source)
at MyAccount.com.pages.PaymentPage.RecurringPayment(PaymentPage.java:104)
at MyAccount.com.Test.PaymentTest.RecurringPayment(PaymentTest.java:43)
at sun.reflect.NativeMethodAccessorImpl.invoke0(Native Method)
at sun.reflect.NativeMethodAccessorImpl.invoke(NativeMethodAccessorImpl.java:62)
at sun.reflect.DelegatingMethodAccessorImpl.invoke(DelegatingMethodAccessorImpl.java:43)
at java.lang.reflect.Method.invoke(Method.java:498)
at org.testng.internal.MethodInvocationHelper.invokeMethod(MethodInvocationHelper.java:124)
at org.testng.internal.Invoker.invokeMethod(Invoker.java:583)
at org.testng.internal.Invoker.invokeTestMethod(Invoker.java:719)
at org.testng.internal.Invoker.invokeTestMethods(Invoker.java:989)
at org.testng.internal.TestMethodWorker.invokeTestMethods(TestMethodWorker.java:125)
at org.testng.internal.TestMethodWorker.run(TestMethodWorker.java:109)
at org.testng.TestRunner.privateRun(TestRunner.java:648)
at org.testng.TestRunner.run(TestRunner.java:505)
at org.testng.SuiteRunner.runTest(SuiteRunner.java:455)
at org.testng.SuiteRunner.runSequentially(SuiteRunner.java:450)
at org.testng.SuiteRunner.privateRun(SuiteRunner.java:415)
at org.testng.SuiteRunner.run(SuiteRunner.java:364)
at org.testng.SuiteRunnerWorker.runSuite(SuiteRunnerWorker.java:52)
at org.testng.SuiteRunnerWorker.run(SuiteRunnerWorker.java:84)
at org.testng.TestNG.runSuitesSequentially(TestNG.java:1208)
at org.testng.TestNG.runSuitesLocally(TestNG.java:1137)
at org.testng.TestNG.runSuites(TestNG.java:1049)
at org.testng.TestNG.run(TestNG.java:1017)
at org.apache.maven.surefire.testng.TestNGExecutor.run(TestNGExecutor.java:283)
at org.apache.maven.surefire.testng.TestNGXmlTestSuite.execute(TestNGXmlTestSuite.java:75)
at org.apache.maven.surefire.testng.TestNGProvider.invoke(TestNGProvider.java:120)
at org.apache.maven.surefire.booter.ForkedBooter.invokeProviderInSameClassLoader(ForkedBooter.java:384)
at org.apache.maven.surefire.booter.ForkedBooter.runSuitesInProcess(ForkedBooter.java:345)
at org.apache.maven.surefire.booter.ForkedBooter.execute(ForkedBooter.java:126)
at org.apache.maven.surefire.booter.ForkedBooter.main(ForkedBooter.java:418)
]]>
            </full-stacktrace>
          </exception> <!-- org.openqa.selenium.ElementClickInterceptedException -->
          <reporter-output>
          </reporter-output>
        </test-method> <!-- RecurringPayment -->
      </class> <!-- MyAccount.com.Test.PaymentTest -->
    </test> <!-- Payment Method -->
    <test name="API: Generate Token" duration-ms="74963" started-at="2019-07-03T09:44:21Z" finished-at="2019-07-03T09:45:36Z">
      <class name="MyAccount.com.Test.API">
        <test-method status="PASS" signature="inititalization()[pri:0, instance:MyAccount.com.Test.API@2758fe70]" name="inititalization" is-config="true" duration-ms="9575" started-at="2019-07-03T09:44:21Z" finished-at="2019-07-03T09:44:31Z">
          <reporter-output>
          </reporter-output>
        </test-method> <!-- inititalization -->
        <test-method status="PASS" signature="setUp()[pri:0, instance:MyAccount.com.Test.API@2758fe70]" name="setUp" is-config="true" duration-ms="3524" started-at="2019-07-03T09:44:31Z" finished-at="2019-07-03T09:44:34Z">
          <reporter-output>
          </reporter-output>
        </test-method> <!-- setUp -->
        <test-method status="PASS" signature="Generate_Token()[pri:1, instance:MyAccount.com.Test.API@2758fe70]" name="Generate_Token" duration-ms="45863" started-at="2019-07-03T09:44:34Z" finished-at="2019-07-03T09:45:20Z">
          <reporter-output>
          </reporter-output>
        </test-method> <!-- Generate_Token -->
        <test-method status="PASS" signature="Delete_Token()[pri:2, instance:MyAccount.com.Test.API@2758fe70]" name="Delete_Token" duration-ms="15998" started-at="2019-07-03T09:45:20Z" finished-at="2019-07-03T09:45:36Z">
          <reporter-output>
          </reporter-output>
        </test-method> <!-- Delete_Token -->
      </class> <!-- MyAccount.com.Test.API -->
    </test> <!-- API: Generate Token -->
    <test name="Services: Fire and Terminate Tally Appliance" duration-ms="100708" started-at="2019-07-03T09:45:36Z" finished-at="2019-07-03T09:47:17Z">
      <class name="MyAccount.com.Test.Appliances">
        <test-method status="PASS" signature="inititalization()[pri:0, instance:MyAccount.com.Test.Appliances@6e6c3152]" name="inititalization" is-config="true" duration-ms="6586" started-at="2019-07-03T09:45:36Z" finished-at="2019-07-03T09:45:43Z">
          <reporter-output>
          </reporter-output>
        </test-method> <!-- inititalization -->
        <test-method status="PASS" signature="setUp()[pri:0, instance:MyAccount.com.Test.Appliances@6e6c3152]" name="setUp" is-config="true" duration-ms="2686" started-at="2019-07-03T09:45:43Z" finished-at="2019-07-03T09:45:46Z">
          <reporter-output>
          </reporter-output>
        </test-method> <!-- setUp -->
        <test-method status="PASS" signature="Create_Appliance()[pri:1, instance:MyAccount.com.Test.Appliances@6e6c3152]" name="Create_Appliance" duration-ms="61418" started-at="2019-07-03T09:45:46Z" finished-at="2019-07-03T09:46:47Z">
          <reporter-output>
          </reporter-output>
        </test-method> <!-- Create_Appliance -->
        <test-method status="PASS" signature="Terminate_Appliance()[pri:2, instance:MyAccount.com.Test.Appliances@6e6c3152]" name="Terminate_Appliance" duration-ms="30017" started-at="2019-07-03T09:46:47Z" finished-at="2019-07-03T09:47:17Z">
          <reporter-output>
          </reporter-output>
        </test-method> <!-- Terminate_Appliance -->
      </class> <!-- MyAccount.com.Test.Appliances -->
    </test> <!-- Services: Fire and Terminate Tally Appliance -->
    <test name="Services: Create SSL" duration-ms="65580" started-at="2019-07-03T09:47:17Z" finished-at="2019-07-03T09:48:23Z">
      <class name="MyAccount.com.Test.SSLTest">
        <test-method status="PASS" signature="inititalization()[pri:0, instance:MyAccount.com.Test.SSLTest@4973813a]" name="inititalization" is-config="true" duration-ms="9544" started-at="2019-07-03T09:47:17Z" finished-at="2019-07-03T09:47:27Z">
          <reporter-output>
          </reporter-output>
        </test-method> <!-- inititalization -->
        <test-method status="PASS" signature="setUp()[pri:0, instance:MyAccount.com.Test.SSLTest@4973813a]" name="setUp" is-config="true" duration-ms="7242" started-at="2019-07-03T09:47:27Z" finished-at="2019-07-03T09:47:34Z">
          <reporter-output>
          </reporter-output>
        </test-method> <!-- setUp -->
        <test-method status="PASS" signature="sslfillformtest()[pri:0, instance:MyAccount.com.Test.SSLTest@4973813a]" name="sslfillformtest" duration-ms="47464" started-at="2019-07-03T09:47:34Z" finished-at="2019-07-03T09:48:21Z">
          <reporter-output>
          </reporter-output>
        </test-method> <!-- sslfillformtest -->
        <test-method status="PASS" signature="afterTest()[pri:0, instance:MyAccount.com.Test.SSLTest@4973813a]" name="afterTest" is-config="true" duration-ms="1329" started-at="2019-07-03T09:48:21Z" finished-at="2019-07-03T09:48:23Z">
          <reporter-output>
          </reporter-output>
        </test-method> <!-- afterTest -->
      </class> <!-- MyAccount.com.Test.SSLTest -->
    </test> <!-- Services: Create SSL -->
    <test name="Setting: Update Profile" duration-ms="45131" started-at="2019-07-03T09:48:23Z" finished-at="2019-07-03T09:49:08Z">
      <class name="MyAccount.com.Test.ProfileUpdateTest">
        <test-method status="PASS" signature="inititalization()[pri:0, instance:MyAccount.com.Test.ProfileUpdateTest@63e2203c]" name="inititalization" is-config="true" duration-ms="7858" started-at="2019-07-03T09:48:23Z" finished-at="2019-07-03T09:48:31Z">
          <reporter-output>
          </reporter-output>
        </test-method> <!-- inititalization -->
        <test-method status="PASS" signature="setUp()[pri:0, instance:MyAccount.com.Test.ProfileUpdateTest@63e2203c]" name="setUp" is-config="true" duration-ms="2333" started-at="2019-07-03T09:48:31Z" finished-at="2019-07-03T09:48:33Z">
          <reporter-output>
          </reporter-output>
        </test-method> <!-- setUp -->
        <test-method status="PASS" signature="updatepro()[pri:0, instance:MyAccount.com.Test.ProfileUpdateTest@63e2203c]" name="updatepro" duration-ms="33673" started-at="2019-07-03T09:48:33Z" finished-at="2019-07-03T09:49:07Z">
          <reporter-output>
          </reporter-output>
        </test-method> <!-- updatepro -->
        <test-method status="PASS" signature="afterTest()[pri:0, instance:MyAccount.com.Test.ProfileUpdateTest@63e2203c]" name="afterTest" is-config="true" duration-ms="1267" started-at="2019-07-03T09:49:07Z" finished-at="2019-07-03T09:49:08Z">
          <reporter-output>
          </reporter-output>
        </test-method> <!-- afterTest -->
      </class> <!-- MyAccount.com.Test.ProfileUpdateTest -->
    </test> <!-- Setting: Update Profile -->
  </suite> <!-- Suite -->
</testng-results>
